\BOOKMARK [1][-]{section.1}{Arborescence}{}% 1
\BOOKMARK [1][-]{section.2}{Audio Clip Manager}{}% 2
\BOOKMARK [1][-]{section.3}{UI}{}% 3
\BOOKMARK [2][-]{subsection.3.1}{GAM UI Editor}{section.3}% 4
\BOOKMARK [3][-]{subsubsection.3.1.1}{Events-sounds assignments}{subsection.3.1}% 5
\BOOKMARK [3][-]{subsubsection.3.1.2}{Parent objects}{subsection.3.1}% 6
\BOOKMARK [3][-]{subsubsection.3.1.3}{Objects Overview}{subsection.3.1}% 7
\BOOKMARK [1][-]{section.4}{Music}{}% 8
\BOOKMARK [2][-]{subsection.4.1}{GAMMusic window}{section.4}% 9
\BOOKMARK [3][-]{subsubsection.4.1.1}{Parts}{subsection.4.1}% 10
\BOOKMARK [3][-]{subsubsection.4.1.2}{Structures}{subsection.4.1}% 11
\BOOKMARK [3][-]{subsubsection.4.1.3}{Mixes}{subsection.4.1}% 12
\BOOKMARK [3][-]{subsubsection.4.1.4}{GAMMusic file}{subsection.4.1}% 13
\BOOKMARK [2][-]{subsection.4.2}{GAMMusic Component}{section.4}% 14
\BOOKMARK [1][-]{section.5}{Switch}{}% 15
\BOOKMARK [2][-]{subsection.5.1}{Quick theory}{section.5}% 16
\BOOKMARK [2][-]{subsection.5.2}{Switch creation and setup}{section.5}% 17
\BOOKMARK [2][-]{subsection.5.3}{Integration: Switch component}{section.5}% 18
\BOOKMARK [1][-]{section.6}{Animation}{}% 19
\BOOKMARK [2][-]{subsection.6.1}{GAM Animation Component}{section.6}% 20
\BOOKMARK [2][-]{subsection.6.2}{Animation view}{section.6}% 21
\BOOKMARK [2][-]{subsection.6.3}{Footsteps view}{section.6}% 22
\BOOKMARK [1][-]{section.7}{Generalities}{}% 23
\BOOKMARK [2][-]{subsection.7.1}{Non-spatialized sounds}{section.7}% 24
\BOOKMARK [2][-]{subsection.7.2}{Fixed spatialized sounds}{section.7}% 25
\BOOKMARK [2][-]{subsection.7.3}{Mobile spatialized sounds}{section.7}% 26
